6.680376 7.551176 0.051279
5.798766 5.293577 2.705806
6.586198 3.973141 3.991529
6.626880 3.007265 4.416007
6.863295 2.365960 4.461885
5.445103 1.836520 4.154669
5.730445 1.506813 3.876945
6.606459 1.329205 3.711573
5.635550 1.160254 3.470754
6.197940 1.068403 3.318358
6.054794 0.998005 3.181102
6.367742 0.962916 3.097291
5.849569 0.915677 2.987231
6.156802 0.895978 2.923531
7.044459 0.923177 2.952800
6.982390 0.942339 2.981985
6.431424 0.932319 2.963300
6.604594 0.932555 2.961504
5.463205 0.881192 2.860622
6.403938 0.885158 2.851244
5.232601 0.836136 2.744860
5.695774 0.820857 2.691392
5.494463 0.801650 2.631598
6.838354 0.849331 2.701061
5.553358 0.828435 2.658448
6.051889 0.835388 2.663769
5.519581 0.817017 2.624293
5.487617 0.801970 2.586492
7.277849 0.872155 2.711240
5.726514 0.855463 2.692545
6.325865 0.869211 2.724117
6.988225 0.909240 2.809632
6.545280 0.918864 2.846767
5.922063 0.896820 2.820894
6.615105 0.910589 2.853209
6.398574 0.910826 2.862193
6.347166 0.908175 2.863496
7.315550 0.949616 2.947725
5.965034 0.919475 2.905292
6.932715 0.939628 2.946778
6.453490 0.932972 2.942031
6.949828 0.949938 2.978881
6.220457 0.929474 2.947543
7.213059 0.958490 3.003517
6.006629 0.925762 2.949056
6.154917 0.907304 2.909723
7.075449 0.935271 2.955427
7.308053 0.967350 3.019996
5.619511 0.914956 2.930396
7.388654 0.954858 3.000124
6.551991 0.947489 2.992712
5.682112 0.902176 2.907772
5.904428 0.877953 2.848777
6.856454 0.903505 2.881660
7.320465 0.944718 2.957081
6.247786 0.927470 2.933303
5.688343 0.888603 2.859817
5.610046 0.855692 2.785247
6.495403 0.871613 2.797691
5.716192 0.849427 2.745986
6.076560 0.849544 2.732747
7.551268 0.917153 2.853665
7.424416 0.962907 2.955962
7.331840 0.992359 3.037537
6.173332 0.960667 3.003694
6.729521 0.960348 3.013702
6.410414 0.945042 2.991891
7.190497 0.968353 3.038087
6.705071 0.963878 3.037503
7.025447 0.974528 3.062758
6.763213 0.970408 3.061568
5.788561 0.922805 2.973158
6.595275 0.923244 2.961926
7.593670 0.969461 3.042551
7.601620 1.005142 3.119490
7.191905 1.013005 3.151738
6.328587 0.978858 3.100773
7.247069 0.993814 3.130363
7.059958 0.996571 3.140851
6.498097 0.972920 3.099755
7.175723 0.985496 3.120219
6.141948 0.948419 3.049448
6.700209 0.945702 3.033352
7.590150 0.984564 3.099674
7.498402 1.010198 3.154812
6.510674 0.984482 3.117136
6.317936 0.955684 3.062366
7.656745 0.994521 3.129308
6.580720 0.975562 3.098578
7.263340 0.991821 3.128598
7.812936 1.029017 3.204625
7.087280 1.023952 3.209441
7.234608 1.025943 3.222623
7.647353 1.045567 3.268211
6.819120 1.022419 3.235186
7.797940 1.048584 3.287419
6.756873 1.021086 3.243523
7.599534 1.037959 3.274574
7.348437 1.039397 3.281427
7.811944 1.061212 3.327161
6.964981 1.039108 3.293785
6.441650 0.998231 3.214741
7.920505 1.034361 3.272004
7.870256 1.060040 3.323560
6.335320 1.009814 3.235694
7.812124 1.038265 3.282087
7.342161 1.038936 3.285794
6.933907 1.020826 3.252730
7.319193 1.024505 3.255686
6.652119 0.997339 3.201114
7.672004 1.023147 3.241128
6.724916 1.000314 3.197549
7.014067 0.996167 3.182850
6.582213 0.973899 3.133451
6.515066 0.954465 3.084162
6.702469 0.948999 3.058798
7.272888 0.971566 3.089760
7.003003 0.977097 3.098027
6.519214 0.959515 3.063885
8.003608 1.013448 3.162758
6.406343 0.982111 3.114794
6.462151 0.960292 3.072225
7.210888 0.977761 3.098992
7.750950 1.015767 3.172789
8.209503 1.065118 3.280405
8.120008 1.097515 3.367580
7.628890 1.098244 3.397367
7.036376 1.070309 3.364674
7.779542 1.081641 3.393848
7.027327 1.055710 3.352574
6.888321 1.029370 3.300120
6.774523 1.004474 3.242586
7.488977 1.018607 3.255206
6.818825 0.999795 3.212192
6.644780 0.978145 3.159463
7.814297 1.015399 3.216771
6.610950 0.989875 3.167929
7.956941 1.031525 3.241038
6.708204 1.006827 3.200611
7.880143 1.040823 3.264240
6.549059 1.006320 3.206416
8.310208 1.059500 3.305316
6.525059 1.019007 3.240493
7.473127 1.030615 3.260445
6.792421 1.008704 3.219759
6.930125 0.998335 3.194123
8.055596 1.041780 3.270867
7.935309 1.069484 3.332600
7.793127 1.083432 3.374315
8.424810 1.121648 3.463662
7.778917 1.120291 3.484444
8.029469 1.129226 3.518792
6.706961 1.075107 3.429504
6.799805 1.037647 3.351599
7.580420 1.045080 3.350268
6.706464 1.012059 3.276912
6.699813 0.987452 3.211901
6.979310 0.982596 3.181840
7.502841 1.003846 3.206058
8.229355 1.053717 3.296651
7.746637 1.069777 3.338895
8.121161 1.098157 3.407198
6.723877 1.055514 3.343457
6.945614 1.032330 3.299271
8.639987 1.091499 3.407131
7.058657 1.064892 3.369107
8.439911 1.106562 3.451552
6.920937 1.069103 3.393357
8.675598 1.119447 3.489835
6.798115 1.072460 3.413840
8.441080 1.110539 3.484068
6.854658 1.067634 3.410276
6.728323 1.029067 3.329094
8.576138 1.084021 3.418601
7.927784 1.097058 3.448424
7.110744 1.069634 3.402812
7.086263 1.047437 3.356835
7.553380 1.052037 3.356564
8.606053 1.103672 3.451149
8.429390 1.134874 3.523700
7.518191 1.116422 3.506780
7.914970 1.119372 3.520760
7.978860 1.123997 3.536808
7.735152 1.116033 3.528126
8.214775 1.131342 3.560310
7.049280 1.089982 3.486899
7.921616 1.097919 3.494312
8.384587 1.125313 3.543908
7.488590 1.105599 3.511728
8.874457 1.153110 3.602042
8.053943 1.151855 3.613218
8.665228 1.177767 3.673160
8.415619 1.185406 3.703349
8.187819 1.179942 3.706648
7.010842 1.121754 3.602610
8.445605 1.142353 3.630744
8.626477 1.166741 3.675643
8.820753 1.194029 3.734386
8.726542 1.209965 3.778188
8.652075 1.217830 3.808066
8.958868 1.236769 3.858135
8.497622 1.229368 3.859725
8.826733 1.237748 3.885521
8.997191 1.251206 3.921345
8.373760 1.232555 3.896722
8.044517 1.202936 3.842106
7.387936 1.150766 3.733849
8.730023 1.172639 3.754486
8.857898 1.196174 3.790701
7.243989 1.141421 3.685046
8.399414 1.152455 3.689558
7.606088 1.125861 3.628931
8.378960 1.141347 3.643786
7.588274 1.118122 3.592363
8.541240 1.144136 3.630660
7.783734 1.130159 3.602720
7.817554 1.121218 3.580377
7.632856 1.106425 3.545180
7.328322 1.081894 3.488156
8.456144 1.115018 3.537521
7.647313 1.104231 3.515968
8.512264 1.135285 3.572236
8.241372 1.146638 3.601052
9.172932 1.196932 3.707103
7.800084 1.172171 3.681351
8.342214 1.176749 3.699033
8.698537 1.195799 3.743936
7.496561 1.155282 3.677414
8.222967 1.156941 3.676856
8.475080 1.169819 3.699502
9.188636 1.211938 3.783387
8.211835 1.199314 3.773854
7.992702 1.179015 3.741722
9.025369 1.210033 3.800796
8.209026 1.196509 3.783570
7.356463 1.147221 3.690578
8.049886 1.141343 3.665600
8.566962 1.161115 3.691906
9.046487 1.198406 3.761368
7.857783 1.172859 3.721511
8.750952 1.193471 3.760609
8.375900 1.192069 3.763732
8.383872 1.191028 3.765637
8.039911 1.174451 3.736132
8.864175 1.199112 3.780642
7.815112 1.170404 3.730340
8.703646 1.188681 3.760700
7.551729 1.150617 3.688951
8.307967 1.156062 3.689044
8.881968 1.186749 3.742379
8.847873 1.208670 3.789889
8.785280 1.222044 3.826425
8.214231 1.205647 3.806795
7.899245 1.178335 3.757818
8.758212 1.196406 3.787188
8.804316 1.212431 3.819677
9.021459 1.234234 3.868005
8.226748 1.214332 3.840842
9.060877 1.236418 3.885876
7.994426 1.204659 3.832975
9.441829 1.245732 3.908994
8.979513 1.255945 3.939000
8.926261 1.260621 3.958886
8.144531 1.228132 3.905514
8.704882 1.228462 3.903108
7.825287 1.189091 3.824693
8.180994 1.175671 3.784762
9.424767 1.222668 3.861168
9.052250 1.242057 3.902528
7.877481 1.203276 3.836337
7.922551 1.175590 3.777234
8.433202 1.178175 3.769479
8.873381 1.200791 3.804563
8.916423 1.220281 3.842881
9.073113 1.242010 3.891492
8.327556 1.224250 3.868774
9.311535 1.254713 3.930921
8.346759 1.233809 3.902327
8.439284 1.221555 3.880926
8.169502 1.199985 3.837056
9.768726 1.256229 3.937661
7.817157 1.210763 3.861010
9.474782 1.250862 3.932940
8.492958 1.236966 3.914307
8.216402 1.213501 3.870695
8.722994 1.218649 3.874683
9.777274 1.270581 3.972402
9.707861 1.306708 4.056493
9.409743 1.319585 4.103283
9.288151 1.322491 4.129247
8.142286 1.271631 4.046840
9.281571 1.283939 4.066762
8.687664 1.266564 4.034045
9.478547 1.289213 4.073164
9.826102 1.322271 4.140733
9.782546 1.344981 4.197708
9.683834 1.356846 4.237494
8.377096 1.305661 4.154627
9.567313 1.320019 4.178543
9.086084 1.309285 4.159347
8.594577 1.278869 4.098272
9.819865 1.311539 4.150398
9.839286 1.337671 4.202918
9.777958 1.354459 4.245035
9.036288 1.332973 4.215849
9.202399 1.323580 4.200205
8.385513 1.279396 4.113598
8.617823 1.256702 4.055043
9.809158 1.294382 4.110010
9.074798 1.290586 4.101016
9.027325 1.285676 4.089095
9.807884 1.317440 4.147271
9.111955 1.310063 4.140437
8.712107 1.285978 4.097045
8.500842 1.258093 4.037931
9.518357 1.283439 4.074473
9.615101 1.307640 4.119913
8.448116 1.273142 4.059615
9.386218 1.289231 4.084833
9.174844 1.292131 4.091052
9.876267 1.326016 4.158031
9.658504 1.341595 4.199821
8.576415 1.303677 4.139938
8.673931 1.278742 4.089891
9.237051 1.285552 4.093962
8.492517 1.257529 4.035020
8.536477 1.238694 3.986287
8.990885 1.245798 3.985000
8.929614 1.249261 3.982703
10.153790 1.307791 4.090415
10.116969 1.350524 4.187287
9.554191 1.356401 4.222579
9.993655 1.379300 4.286608
9.966255 1.394140 4.337204
9.332149 1.375332 4.321738
9.019943 1.345809 4.274317
9.148654 1.328830 4.239471
9.687662 1.340551 4.255390
9.597766 1.345708 4.263986
8.907812 1.318454 4.211782
8.702460 1.288609 4.145884
8.555090 1.259948 4.074992
8.635696 1.242924 4.021569
9.724415 1.280575 4.073890
9.167196 1.284924 4.078729
9.026539 1.282046 4.071843
9.122771 1.284310 4.074347
8.652297 1.264838 4.035944
9.334656 1.281094 4.060811
10.358990 1.340071 4.175178
9.667141 1.353162 4.219105
9.040923 1.333588 4.199157
9.837493 1.353834 4.245641
10.053555 1.378424 4.305029
9.514853 1.371869 4.308814
8.864544 1.336537 4.250637
10.326074 1.375462 4.322604
9.821331 1.382132 4.345157
9.615430 1.377268 4.345018
9.005687 1.345470 4.288840
9.715121 1.353310 4.298102
9.462399 1.348127 4.286101
10.279878 1.381330 4.347311
9.418777 1.367548 4.328710
9.128654 1.343567 4.283990
9.302027 1.333255 4.257798
10.118720 1.362811 4.307166
9.947309 1.377772 4.339517
10.649690 1.420618 4.429696
9.366486 1.394391 4.397691
10.495120 1.424603 4.462012
8.982149 1.378550 4.386619
9.541575 1.368375 4.362793
8.740817 1.324725 4.272001
10.306564 1.363077 4.327936
10.298773 1.392680 4.383587
9.347356 1.372019 4.351588
8.999335 1.340243 4.289565
10.511069 1.384750 4.365447
10.232012 1.406240 4.413302
8.898325 1.361707 4.338441
9.708210 1.364152 4.337730
10.792934 1.415394 4.433667
10.245818 1.429414 4.474395
9.261765 1.394643 4.421579
9.797788 1.391861 4.416144
10.590363 1.425631 4.480637
9.057839 1.381767 4.405585
9.079119 1.349121 4.336018
9.655792 1.351009 4.324719
9.503526 1.346423 4.305269
10.224240 1.376204 4.353619
10.538191 1.413382 4.427981
9.193404 1.380385 4.377482
9.043016 1.347947 4.314336
9.056845 1.324169 4.257890
9.875431 1.343919 4.280935
10.531736 1.389381 4.363813
10.364153 1.416332 4.426383
9.875120 1.413884 4.437822
9.238222 1.382268 4.387904
10.189274 1.400830 4.422394
10.177270 1.414348 4.453296
10.089799 1.420290 4.472558
10.230090 1.430653 4.500277
9.773833 1.417361 4.483486
9.668571 1.402062 4.456377
10.847446 1.443736 4.534173
10.033170 1.438440 4.534791
9.429641 1.406503 4.479400
10.319458 1.422338 4.504889
10.161494 1.427419 4.515821
10.357851 1.440065 4.542716
10.322392 1.447839 4.563526
9.607312 1.420998 4.518272
10.809617 1.454793 4.580338
9.300180 1.412139 4.505791
9.367675 1.382603 4.441252
11.027455 1.435900 4.529743
9.529299 1.409107 4.483552
10.163466 1.417294 4.495270
9.660982 1.400965 4.463124
10.873539 1.443568 4.540124
9.811657 1.427920 4.519051
9.954386 1.422053 4.509677
11.006556 1.465126 4.592740
9.948502 1.449702 4.576091
10.899817 1.480355 4.640490
10.598292 1.489493 4.671540
9.362655 1.439675 4.587892
9.814938 1.421876 4.547400
10.866514 1.456411 4.604215
10.571928 1.469677 4.633204
11.002208 1.498940 4.696487
9.956313 1.473257 4.660847
9.792019 1.445655 4.609874
9.756042 1.423100 4.559405
10.594884 1.444474 4.588670
9.599465 1.416241 4.531636
10.739210 1.446695 4.580014
10.964524 1.480443 4.646994
10.848924 1.500526 4.697661
9.820704 1.468428 4.650574
10.232375 1.461999 4.639326
10.071316 1.449800 4.614586
10.318017 1.451844 4.613894
9.921992 1.435738 4.579872
10.241496 1.438235 4.577555
10.545691 1.454302 4.604111
9.799447 1.432901 4.564296
10.610796 1.453404 4.598518
9.539159 1.420676 4.537462
10.280429 1.429438 4.545920
10.294334 1.437165 4.557279
10.150816 1.436703 4.556110
11.024816 1.475917 4.631702
10.080890 1.462752 4.618221
10.869318 1.487805 4.671584
10.684632 1.498026 4.702835
11.429182 1.538734 4.793420
10.971972 1.548003 4.832880
11.229570 1.565368 4.885464
11.015697 1.567647 4.909459
10.253901 1.533739 4.859118
10.931778 1.537977 4.868151
9.662009 1.483666 4.764914
10.725920 1.490800 4.763178
11.357820 1.525680 4.821353
10.916894 1.532543 4.838568
10.975385 1.540126 4.858329
10.737030 1.534751 4.854081
10.511418 1.520132 4.828686
10.444308 1.505917 4.798757
11.167734 1.528089 4.835455
11.343793 1.553116 4.886206
11.105625 1.561049 4.911106
10.065752 1.519407 4.840063
9.835785 1.477083 4.752229
9.907122 1.448791 4.679811
11.161444 1.485285 4.728473
10.175233 1.469435 4.692776
11.047916 1.497285 4.738013
11.220602 1.526579 4.796972
10.965662 1.536967 4.827923
9.842251 1.493319 4.754729
9.861419 1.460654 4.686269
10.470478 1.463926 4.678498
10.393141 1.463722 4.668600
11.190736 1.500219 4.732121
11.605110 1.546869 4.828546
10.262322 1.520875 4.797348
10.592709 1.515124 4.792360
11.254681 1.540384 4.844067
11.688019 1.578845 4.928539
11.246610 1.587241 4.964291
10.576459 1.562090 4.932759
11.730028 1.594337 5.000152
10.342529 1.555543 4.938808
10.294278 1.523339 4.874586
10.996922 1.530995 4.877945
11.657915 1.567343 4.942177
11.361308 1.581653 4.976669
11.828341 1.613159 5.047222
10.412223 1.572241 4.984962
10.829042 1.559293 4.959751
11.462133 1.578197 4.992208
11.797848 1.607866 5.052481
11.164794 1.601394 5.051335
11.557919 1.613636 5.081518
11.954969 1.640438 5.142085
10.566237 1.597269 5.073339
11.963152 1.627098 5.128678
11.222886 1.616204 5.115107
11.996840 1.642578 5.168388
11.128814 1.623029 5.140431
11.255136 1.613441 5.123136
12.038259 1.641583 5.175581
11.769292 1.650721 5.200555
11.808277 1.658937 5.224755
11.378995 1.645209 5.206929
11.514401 1.640484 5.200018
12.200600 1.667843 5.253192
12.091703 1.683502 5.292227
10.879083 1.639911 5.219208
11.988619 1.656623 5.246434
11.428313 1.644155 5.223687
11.535542 1.639538 5.211885
11.788648 1.647683 5.224079
11.830843 1.655935 5.239939
11.879820 1.664372 5.258769
10.825569 1.622875 5.182907
11.518758 1.622731 5.172998
11.261128 1.611534 5.144082
10.663909 1.576507 5.067348
11.930981 1.607992 5.110714
12.080171 1.639487 5.168421
12.106043 1.664563 5.224391
11.698829 1.664581 5.237803
11.204966 1.641460 5.203014
11.613961 1.641968 5.204216
11.593798 1.641426 5.203487
11.701203 1.645859 5.212141
11.497113 1.639957 5.202152
10.726684 1.600569 5.125101
11.598043 1.610386 5.131207
10.515926 1.569576 5.045616
11.861820 1.600134 5.087126
11.506301 1.608098 5.098928
12.145218 1.643217 5.166729
11.520098 1.641385 5.174018
10.725296 1.603404 5.107979
11.489620 1.608948 5.112435
11.540698 1.615804 5.122760
10.626999 1.579798 5.052973
12.168703 1.622450 5.124260
11.319317 1.616798 5.118222
11.835313 1.635600 5.156528
11.474245 1.633307 5.159386
10.867964 1.603718 5.106812
11.416156 1.605965 5.105432
11.094065 1.593422 5.077566
11.423533 1.599096 5.081961
10.654913 1.568979 5.020492
12.065193 1.610301 5.088741
11.787442 1.629540 5.130146
12.275894 1.665881 5.209641
11.825364 1.672319 5.240288
11.563485 1.664245 5.240234
11.634723 1.660470 5.242025
12.680329 1.704402 5.332713
10.817447 1.652857 5.250831
10.858521 1.614849 5.174478
12.001533 1.638113 5.205583
11.924560 1.652969 5.231225
11.185205 1.630884 5.190773
11.189575 1.614317 5.153506
12.020487 1.639747 5.193698
12.617025 1.686418 5.285285
12.255877 1.705146 5.337058
11.715705 1.693889 5.332694
11.677124 1.682641 5.320397
12.511173 1.711350 5.379555
12.725325 1.742446 5.451416
12.727821 1.765284 5.514066
12.638172 1.777336 5.558302
12.384027 1.773678 5.570585
11.527139 1.731009 5.501262
11.943485 1.716938 5.470587
11.318273 1.678256 5.388717
11.845102 1.673380 5.361973
12.799641 1.713921 5.426044
11.842338 1.701980 5.404834
12.688636 1.731169 5.459053
12.864553 1.761242 5.524705
11.307530 1.712995 5.446218
11.866078 1.701062 5.419159
12.520448 1.721918 5.452867
12.502895 1.737221 5.484044
12.789563 1.761622 5.537241
11.505171 1.721529 5.471667
12.523225 1.736694 5.497495
12.937010 1.767044 5.558374
11.683692 1.733061 5.503633
11.834758 1.713657 5.463681
12.161569 1.713976 5.456451
12.158896 1.714557 5.451821
12.304334 1.721915 5.461957
11.452055 1.689134 5.397708
12.035922 1.690917 5.390327
11.810210 1.682686 5.366860
12.407760 1.703970 5.399885
12.943046 1.744698 5.479306
11.541383 1.711909 5.428964
12.343084 1.722720 5.449457
12.870867 1.754767 5.514571
11.369555 1.710785 5.441705
11.907112 1.701268 5.418694
11.568006 1.679029 5.369228
12.473041 1.703613 5.405101
12.375383 1.718396 5.432666
12.553108 1.737630 5.473749
12.402681 1.745079 5.497057
11.337721 1.701977 5.422546
12.351744 1.714878 5.440726
12.367235 1.725694 5.460632
11.735251 1.705304 5.423753
11.297821 1.670005 5.350958
11.957683 1.673547 5.343459
11.298147 1.647218 5.282864
13.137384 1.711183 5.391326
12.502853 1.731540 5.439270
12.851372 1.762134 5.511250
13.094394 1.795413 5.594776
13.196545 1.823967 5.674725
11.686130 1.775667 5.608526
12.245963 1.763022 5.589319
12.335442 1.757238 5.578101
12.960463 1.781165 5.622615
12.658018 1.785602 5.637337
13.321363 1.818596 5.707196
11.710672 1.770206 5.628262
11.995778 1.745801 5.576882
13.184408 1.781453 5.635211
12.162056 1.762668 5.601997
13.238863 1.797060 5.665084
12.945275 1.809878 5.698047
12.411612 1.794902 5.679131
12.015974 1.765129 5.624313
13.373281 1.803961 5.692314
11.734652 1.759478 5.612951
13.231358 1.793309 5.669605
12.756389 1.797812 5.682301
12.957333 1.810060 5.710396
13.379079 1.838107 5.771810
11.908133 1.792247 5.697078
12.114568 1.766230 5.642844
11.894331 1.736904 5.575035
11.975954 1.719167 5.523285
12.832251 1.745584 5.555907
11.942477 1.726307 5.513010
11.853338 1.708089 5.467541
12.065104 1.704555 5.447392
13.513849 1.768231 5.559670
11.657733 1.732839 5.502827
11.961649 1.719254 5.474168
11.889978 1.705921 5.442343
12.583695 1.727626 5.475721
12.967091 1.761826 5.542287
13.510441 1.812141 5.650681
11.891714 1.776134 5.604874
12.928453 1.794522 5.647069
11.851114 1.759232 5.589396
12.507492 1.761732 5.591153
12.722862 1.773541 5.612503
12.613170 1.777558 5.622845
12.336355 1.767907 5.607324
12.248137 1.756462 5.584504
13.594781 1.808815 5.681819
12.912329 1.817593 5.712168
12.171418 1.789891 5.671229
11.869432 1.754619 5.603737
12.673687 1.764406 5.612257
13.447807 1.807417 5.690828
13.336765 1.835054 5.754289
12.552766 1.819802 5.740819
13.845940 1.865884 5.837278
11.931333 1.813522 5.755685
12.917097 1.817534 5.761847
12.281894 1.791908 5.712277
13.213583 1.814767 5.748567
13.299574 1.836339 5.791544
12.565232 1.819283 5.766162
13.698687 1.857276 5.840108
13.223424 1.864355 5.865985
12.622965 1.841798 5.833598
12.050336 1.798238 5.750610
13.493402 1.830656 5.800778
13.576660 1.859575 5.857516
13.377426 1.872290 5.891740
13.353844 1.880230 5.918261
13.808374 1.906117 5.979195
12.635880 1.871917 5.929130
13.524958 1.885444 5.956683
12.625867 1.854866 5.902714
13.658741 1.878270 5.942382
12.428127 1.840541 5.872424
13.242221 1.848788 5.878902
12.176879 1.807353 5.794158
12.282908 1.781220 5.727219
12.404551 1.768011 5.681272
12.588297 1.767582 5.661107
12.382341 1.759080 5.630079
13.298237 1.794980 5.686073
12.246104 1.775200 5.648909
13.919106 1.835940 5.761197
14.041003 1.887502 5.876078
12.272044 1.845395 5.821890
14.020439 1.891191 5.917809
13.118100 1.884414 5.924420
12.703938 1.859409 5.888601
13.374022 1.870159 5.910998
12.547674 1.840768 5.858625
13.389171 1.856448 5.883182
13.182710 1.859254 5.889189
13.871098 1.892481 5.954842
14.102135 1.927874 6.034759
13.313046 1.918147 6.035489
13.434501 1.915164 6.041271
13.738795 1.926006 6.069958
12.740471 1.888543 6.006541
12.828343 1.863774 5.953665
13.577169 1.879298 5.972311
13.396351 1.883477 5.976743
12.363301 1.840097 5.891310
14.203036 1.890764 5.974789
13.045092 1.877380 5.953803
12.771428 1.854630 5.909238
13.415257 1.866663 5.925041
13.181971 1.865610 5.921169
13.004336 1.856887 5.902581
13.759808 1.884603 5.952259
13.700268 1.903012 5.993603
13.306678 1.898727 5.995317
12.968044 1.879588 5.964383
13.846373 1.904559 6.011325
13.115784 1.890386 5.990637
12.889048 1.869057 5.949940
13.988417 1.902707 6.008883
12.996223 1.883514 5.977603
13.857148 1.907671 6.022773
12.532355 1.866011 5.948452
14.200246 1.909737 6.024837
14.224822 1.944261 6.099190
13.731525 1.947491 6.121846
13.182955 1.924134 6.089864
13.885921 1.937574 6.118470
13.613661 1.935222 6.120046
14.266000 1.962607 6.176917
13.080420 1.929353 6.123956
13.102456 1.904640 6.074222
12.746471 1.870036 5.998074
13.638764 1.884895 6.009202
14.399626 1.931551 6.091035
13.852822 1.942439 6.120368
13.702065 1.943329 6.131653
14.292662 1.970158 6.191024
14.577914 2.002827 6.268222
14.143494 2.006946 6.296821
13.367919 1.973737 6.249189
13.409884 1.949650 6.204595
12.787830 1.903247 6.108724
12.757727 1.867302 6.020105
12.730152 1.840113 5.942014
13.704509 1.865229 5.963161
13.325771 1.868625 5.957080
14.166525 1.909969 6.028765
14.400292 1.952170 6.117176
13.784820 1.955699 6.142210
13.714942 1.954122 6.153841
12.946516 1.917298 6.092996
13.181967 1.899610 6.055026
13.777297 1.913449 6.073516
14.666761 1.964604 6.170713
12.916789 1.924048 6.106790
13.008822 1.896815 6.052264
13.339717 1.891388 6.031898
14.282710 1.930552 6.098688
14.092483 1.951966 6.145658
13.065717 1.921305 6.097090
14.813130 1.976649 6.202736
14.634938 2.010345 6.284173
13.242188 1.971742 6.232038
13.871895 1.969836 6.233146
14.444564 1.994030 6.282985
14.495010 2.014352 6.332140
12.963961 1.959798 6.240168
14.117225 1.970100 6.253248
14.442924 1.992999 6.295691
14.467454 2.011462 6.337193
14.835144 2.041661 6.405744
13.192808 1.989492 6.321681
14.585285 2.012219 6.362026
14.912870 2.044369 6.428665
13.232961 1.992305 6.341168
13.589793 1.968466 6.288652
13.528642 1.948125 6.237060
14.679485 1.985602 6.294166
13.260085 1.950507 6.226386
14.573461 1.983500 6.279432
13.644427 1.966944 6.249602
13.446601 1.945396 6.204357
14.985428 1.999008 6.298811
14.641724 2.024374 6.357723
13.323362 1.983241 6.293313
15.102218 2.031862 6.385973
14.840546 2.056718 6.448209
13.843080 2.029466 6.413739
14.554927 2.040079 6.439420
14.093028 2.026866 6.420983
14.058796 2.014948 6.399103
14.508058 2.026232 6.418120
13.857966 2.005480 6.379348
14.420984 2.015248 6.392825
13.489952 1.980795 6.325104
13.402530 1.950959 6.255793
14.005995 1.956482 6.248542
13.533913 1.940337 6.205614
14.589755 1.976644 6.262167
13.508918 1.955886 6.223065
15.051367 2.009984 6.322153
14.464899 2.024513 6.362986
13.731727 2.001530 6.332499
14.656651 2.025249 6.381703
14.387770 2.030747 6.402217
13.964687 2.015162 6.381118
15.236444 2.060436 6.470695
14.896411 2.079026 6.522284
13.614173 2.034084 6.452703
13.456530 1.992084 6.370326
14.419872 2.004113 6.379696
14.198600 2.003979 6.372810
13.833131 1.987733 6.336361
14.325299 1.998064 6.347561
13.750324 1.980346 6.309910
14.056494 1.981057 6.303248
14.317517 1.993876 6.322298
13.470870 1.965560 6.267164
14.769573 2.003021 6.330625
13.732444 1.984834 6.300351
14.413898 2.001684 6.330979
13.668369 1.980755 6.294228
15.070501 2.028217 6.382412
15.091865 2.065138 6.465986
14.899354 2.083513 6.522138
15.360453 2.116999 6.608085
15.284394 2.137524 6.674061
13.685348 2.079077 6.586873
13.664365 2.032590 6.497953
14.634150 2.041405 6.501298
13.944266 2.017635 6.447783
15.455731 2.068571 6.533399
13.829049 2.034085 6.472838
14.395992 2.033406 6.465374
14.822383 2.052552 6.497647
14.916819 2.071522 6.536794
15.050679 2.091720 6.583644
14.738827 2.092360 6.596979
14.483230 2.080563 6.583360
15.324852 2.109218 6.642047
14.845357 2.108909 6.652800
15.543102 2.139577 6.720567
14.153452 2.099296 6.658408
15.298488 2.119842 6.697419
14.478402 2.098251 6.661455
14.503776 2.082798 6.629136
13.944982 2.046021 6.551291
15.375918 2.083468 6.607356
14.544645 2.075020 6.590437
15.274554 2.101719 6.639080
15.658362 2.139367 6.718062
15.498543 2.160123 6.774574
15.472923 2.173629 6.819402
15.248863 2.172557 6.835491
15.100408 2.163962 6.832065
14.872277 2.146389 6.805208
15.099317 2.143008 6.798513
14.864802 2.129859 6.771883
15.027625 2.127396 6.762126
15.223681 2.134707 6.771791
13.948953 2.082798 6.670201
15.411891 2.109972 6.705784
15.109413 2.117751 6.716636
14.198002 2.082617 6.647887
14.217883 2.057106 6.586956
14.331796 2.043733 6.544470
15.504821 2.087719 6.613088
15.648562 2.128317 6.693116
15.440622 2.149392 6.747687
14.348050 2.115011 6.697970
15.323414 2.132265 6.733205
14.625979 2.113590 6.703801
14.221152 2.080813 6.639527
15.796865 2.127480 6.719044
14.234467 2.092561 6.657927
14.999555 2.100505 6.667236
14.590641 2.088342 6.641634
14.459448 2.073370 6.607303
14.645473 2.070828 6.593714
15.395286 2.103353 6.649437
15.984002 2.154908 6.754037
14.543835 2.128279 6.722157
15.123829 2.133312 6.738262
15.676926 2.161752 6.799660
16.002699 2.197533 6.882571
14.424237 2.152247 6.816235
14.739202 2.131143 6.777133
15.282015 2.139710 6.788437
15.459040 2.154482 6.815781
15.926827 2.186845 6.882134
14.655696 2.153478 6.830394
15.547992 2.167970 6.857626
15.468719 2.175344 6.875820
15.885109 2.199506 6.927840
15.855993 2.216072 6.971385
15.786602 2.224728 7.001890
14.306905 2.163482 6.896247
15.440814 2.167912 6.895329
15.505164 2.174719 6.902812
15.807528 2.193861 6.937759
15.838865 2.209816 6.973066
14.868579 2.177666 6.919088
14.463507 2.134644 6.831889
16.080017 2.175623 6.894886
14.675445 2.143889 6.834046
14.697973 2.120979 6.780205
15.069571 2.121103 6.766204
15.246085 2.130023 6.772889
15.127421 2.131994 6.771596
15.675045 2.158559 6.819843
14.591372 2.129714 6.769912
15.051423 2.128463 6.762886
16.148880 2.177450 6.853926
15.635201 2.191316 6.893255
14.638349 2.155914 6.838349
16.051579 2.192400 6.908113
15.949438 2.215301 6.963218
15.257551 2.200603 6.949948
15.203592 2.186199 6.928792
15.268477 2.177893 6.913227
15.034379 2.161016 6.878331
15.699289 2.178526 6.905306
14.646470 2.144480 6.839681
16.323097 2.194692 6.926492
15.394399 2.191091 6.927453
16.302464 2.228999 7.005659
15.899699 2.239033 7.040535
15.481303 2.226746 7.031406
15.513278 2.218076 7.021715
15.164864 2.195365 6.980318
15.038831 2.172411 6.930685
15.092142 2.157847 6.891428
15.763442 2.177907 6.917471
15.222338 2.169283 6.897492
14.882160 2.147591 6.850338
16.138885 2.188426 6.918788
15.610311 2.195881 6.938075
15.631732 2.202177 6.956220
15.054972 2.180470 6.920595
16.397732 2.224504 7.003862
14.956776 2.192577 6.954316
15.286343 2.182726 6.934413
15.079155 2.165983 6.898290
14.725656 2.137601 6.835323
16.531544 2.198416 6.938240
15.317503 2.190148 6.930177
16.367233 2.230951 7.012541
16.060982 2.247618 7.060085
16.145054 2.263070 7.106620
15.130826 2.227832 7.055613
14.879459 2.188912 6.982071
16.719433 2.242755 7.075526
16.360115 2.267673 7.132564
15.045929 2.226452 7.067090
16.552530 2.262741 7.135174
15.254514 2.231459 7.084319
16.838392 2.279001 7.173851
15.932229 2.273942 7.177045
16.205816 2.281747 7.200270
15.811669 2.269311 7.184681
16.547092 2.292722 7.232467
16.684649 2.316429 7.287531
16.333813 2.317863 7.304561
15.730535 2.290805 7.263247
15.316985 2.251068 7.186094
16.615973 2.279937 7.229415
15.259421 2.241034 7.153721
16.307297 2.259179 7.176418
15.617703 2.242371 7.140263
15.674393 2.232495 7.113184
16.055029 2.242751 7.124020
