6.680376 7.603418 -2.769128
5.798766 6.621771 -5.260615
6.586198 6.514491 -4.951289
6.626880 6.468877 -4.150261
6.863295 6.548954 -2.533717
5.445103 6.072243 -5.486045
5.730445 5.840668 -5.933487
6.606459 6.003748 -3.881428
5.635550 5.801005 -4.350057
6.197940 5.841441 -3.508122
6.054794 5.833775 -3.069683
6.367742 5.923104 -2.321807
5.849569 5.852384 -2.325861
6.156802 5.880330 -1.981461
7.044459 6.125435 -0.982205
6.982390 6.306826 -0.335519
6.431424 6.327456 -0.247201
6.604594 6.382356 -0.078442
5.463205 6.186638 -0.572815
6.403938 6.217195 -0.457260
5.232601 6.012239 -0.896591
5.695774 5.930047 -1.017444
5.494463 5.824394 -1.174013
6.838354 5.978531 -0.796960
5.553358 5.884033 -0.931526
6.051889 5.889714 -0.870041
5.519581 5.805846 -0.971525
5.487617 5.729176 -1.051878
7.277849 5.952299 -0.636787
5.726514 5.900500 -0.688234
6.325865 5.949184 -0.582752
6.988225 6.093261 -0.344757
6.545280 6.152539 -0.245320
5.922063 6.112066 -0.291235
6.615105 6.178258 -0.190239
6.398574 6.205224 -0.147377
6.347166 6.221708 -0.120653
7.315550 6.373088 0.072634
5.965034 6.317936 0.002814
6.932715 6.403077 0.104084
6.453490 6.412683 0.111639
6.949828 6.488572 0.194442
6.220457 6.457481 0.153113
7.213059 6.562517 0.263458
6.006629 6.495559 0.182667
6.154917 6.455392 0.134231
7.075449 6.540144 0.218519
7.308053 6.645873 0.320493
5.619511 6.521301 0.184509
7.388654 6.637876 0.295491
6.551991 6.634593 0.283508
5.682112 6.520468 0.164036
5.904428 6.446496 0.088075
6.856454 6.500675 0.137145
7.320465 6.607598 0.233999
6.247786 6.568550 0.191032
5.688343 6.463398 0.088592
5.610046 6.359261 -0.009188
6.495403 6.375953 0.006217
5.716192 6.294283 -0.067501
6.076560 6.265574 -0.091350
7.551268 6.421828 0.049737
7.424416 6.546568 0.158366
7.331840 6.647201 0.242336
6.173332 6.595487 0.190991
6.729521 6.616915 0.204579
6.410414 6.597082 0.182221
7.190497 6.674235 0.243624
6.705071 6.684408 0.246066
7.025447 6.732346 0.280484
6.763213 6.743485 0.282787
5.788561 6.635187 0.184492
6.595275 6.635219 0.179879
7.593670 6.755865 0.276177
7.601620 6.865312 0.360422
7.191905 6.914229 0.392056
6.328587 6.853971 0.332444
7.247069 6.910090 0.370533
7.059958 6.937904 0.384280
6.498097 6.895161 0.339710
7.175723 6.937840 0.366328
6.141948 6.851945 0.287120
6.700209 6.841318 0.271422
7.590150 6.938283 0.343751
7.498402 7.014489 0.397311
6.510674 6.964632 0.347183
6.317936 6.896377 0.283448
7.656745 6.994852 0.356228
6.580720 6.954726 0.315183
7.263340 6.999949 0.344036
7.812936 7.106198 0.421326
7.087280 7.115068 0.418292
7.234608 7.140394 0.428563
7.647353 7.212240 0.475933
6.819120 7.177896 0.436925
7.797940 7.263420 0.494968
6.756873 7.216075 0.445162
7.599534 7.273566 0.480478
7.348437 7.295188 0.486242
7.811944 7.369632 0.534067
6.964981 7.335522 0.494038
6.441650 7.242075 0.407644
7.920505 7.333666 0.470934
7.870256 7.410022 0.520532
6.335320 7.295797 0.417097
7.812124 7.368298 0.464862
7.342161 7.377472 0.461064
6.933907 7.336859 0.417751
7.319193 7.345797 0.414893
6.652119 7.274212 0.348096
7.672004 7.330746 0.384721
6.724916 7.268834 0.326372
7.014067 7.247152 0.301379
6.582213 7.176020 0.237732
6.515066 7.103687 0.174664
6.702469 7.060585 0.136308
7.272888 7.089437 0.155950
7.003003 7.083281 0.147357
6.519214 7.020103 0.093759
8.003608 7.139522 0.186196
6.406343 7.057272 0.116580
6.462151 6.989602 0.060183
7.210888 7.017499 0.080856
7.750950 7.106826 0.149698
8.209503 7.241858 0.253095
8.120008 7.352929 0.335046
7.628890 7.394587 0.360073
7.036376 7.361530 0.325347
7.779542 7.419811 0.363760
7.027327 7.382782 0.325809
6.888321 7.332631 0.278379
6.774523 7.273664 0.225102
7.488977 7.305202 0.244715
6.818825 7.253873 0.198290
6.644780 7.186736 0.140463
7.814297 7.265020 0.199066
6.610950 7.192563 0.137019
7.956941 7.287010 0.208481
6.708204 7.223747 0.153492
7.880143 7.305796 0.214748
6.549059 7.221560 0.143029
8.310208 7.354689 0.244924
6.525059 7.262593 0.166280
7.473127 7.292002 0.185592
6.792421 7.237554 0.138132
6.930125 7.204680 0.108861
8.055596 7.308652 0.188491
7.935309 7.388085 0.246827
7.793127 7.442731 0.284179
8.424810 7.566917 0.375625
7.778917 7.602033 0.394479
8.029469 7.663241 0.433514
6.706961 7.561096 0.342478
6.799805 7.479709 0.270015
7.580420 7.498812 0.278712
6.706464 7.412051 0.203516
6.699813 7.332820 0.136056
6.979310 7.294421 0.102476
7.502841 7.321889 0.121759
8.229355 7.432910 0.206630
7.746637 7.475641 0.235507
8.121161 7.558551 0.295458
6.723877 7.467208 0.216252
6.945614 7.410964 0.166667
8.639987 7.561368 0.281597
7.058657 7.509095 0.233602
8.439911 7.625843 0.320341
6.920937 7.550575 0.253254
8.675598 7.690912 0.358169
6.798115 7.594325 0.273336
8.441080 7.702137 0.352067
6.854658 7.610773 0.271507
6.728323 7.513124 0.187893
8.576138 7.644366 0.287165
7.927784 7.685625 0.312965
7.110744 7.625609 0.258111
7.086263 7.568365 0.206749
7.553380 7.572051 0.204760
8.606053 7.700291 0.301257
8.429390 7.794863 0.368858
7.518191 7.771749 0.341845
7.914970 7.797799 0.354328
7.978860 7.828674 0.370328
7.735152 7.827355 0.360505
8.214775 7.882906 0.395860
7.049280 7.794347 0.316486
7.921616 7.817832 0.327542
8.384587 7.893814 0.379826
7.488590 7.855720 0.340714
8.874457 7.985740 0.435392
8.053943 8.005351 0.440568
8.665228 8.095383 0.501275
8.415619 8.146674 0.529925
8.187819 8.165571 0.532296
7.010842 8.042478 0.422395
8.445605 8.101530 0.459049
8.626477 8.176022 0.507036
8.820753 8.266011 0.566133
8.726542 8.335683 0.607771
8.652075 8.389334 0.635761
8.958868 8.473793 0.687436
8.497622 8.494797 0.687737
8.826733 8.552407 0.716961
8.997191 8.624196 0.756695
8.373760 8.614452 0.731055
8.044517 8.566078 0.675493
7.387936 8.443989 0.562994
8.730023 8.492849 0.588259
8.857898 8.551764 0.620871
7.243989 8.412832 0.496357
8.399414 8.424360 0.493699
7.606088 8.340213 0.415494
8.378960 8.355800 0.417962
7.588274 8.275678 0.344734
8.541240 8.316336 0.368692
7.783734 8.262817 0.317657
7.817554 8.218325 0.274963
7.632856 8.156049 0.219229
7.328322 8.063522 0.140910
8.456144 8.113886 0.177370
7.647313 8.063153 0.133071
8.512264 8.120019 0.174856
8.241372 8.139057 0.185756
9.172932 8.266777 0.282286
7.800084 8.218803 0.237681
8.342214 8.239746 0.248596
8.698537 8.300816 0.290965
7.496561 8.212974 0.214647
8.222967 8.219835 0.214981
8.475080 8.255838 0.238336
9.188636 8.372942 0.325230
8.211835 8.362403 0.309190
7.992702 8.326661 0.273614
9.025369 8.416891 0.338434
8.209026 8.401147 0.317968
7.356463 8.285460 0.219004
8.049886 8.263267 0.196274
8.566962 8.304530 0.224230
9.046487 8.398592 0.293248
7.857783 8.342104 0.241655
8.750952 8.397058 0.279354
8.375900 8.401930 0.276581
8.383872 8.407096 0.274107
8.039911 8.370727 0.238867
8.864175 8.435656 0.284515
7.815112 8.369466 0.225462
8.703646 8.415122 0.256197
7.551729 8.319336 0.174426
8.307967 8.322597 0.172868
8.881968 8.393612 0.224891
8.847873 8.453516 0.266901
8.785280 8.499981 0.297293
8.214231 8.473897 0.269631
7.899245 8.412765 0.214928
8.758212 8.459480 0.246751
8.804316 8.506965 0.278426
9.021459 8.575440 0.325939
8.226748 8.542638 0.292289
9.060877 8.611924 0.340114
7.994426 8.547565 0.281190
9.441829 8.661224 0.364345
8.979513 8.708664 0.393198
8.926261 8.744906 0.412517
8.144531 8.684496 0.354996
8.704882 8.696302 0.355910
7.825287 8.602247 0.273143
8.180994 8.559429 0.232830
9.424767 8.668374 0.313406
9.052250 8.722259 0.348559
7.877481 8.631126 0.268275
7.922551 8.554050 0.201004
8.433202 8.545010 0.189093
8.873381 8.589014 0.219386
8.916423 8.633705 0.249503
9.073113 8.692496 0.290049
8.327556 8.656815 0.254974
9.311535 8.741326 0.315717
8.346759 8.702805 0.277788
8.439284 8.678845 0.252268
8.169502 8.625012 0.203744
9.768726 8.766255 0.310534
7.817157 8.661726 0.220565
9.474782 8.764136 0.296268
8.492958 8.739757 0.269977
8.216402 8.684727 0.220088
8.722994 8.695090 0.223061
9.777274 8.829535 0.324020
9.707861 8.942434 0.405559
9.409743 9.008665 0.448284
9.288151 9.053715 0.473258
8.142286 8.957961 0.386367
9.281571 9.006616 0.415657
8.687664 8.979717 0.384546
9.478547 9.049137 0.430289
9.826102 9.152804 0.502014
9.782546 9.240880 0.559716
9.683834 9.308293 0.599721
8.377096 9.213535 0.510617
9.567313 9.269058 0.542390
9.086084 9.261662 0.523686
8.594577 9.196267 0.459590
9.819865 9.282491 0.516834
9.839286 9.362293 0.567647
9.777958 9.426675 0.605068
9.036288 9.396298 0.566717
9.202399 9.388247 0.546919
8.385513 9.283596 0.451250
8.617823 9.216441 0.387481
9.809158 9.297091 0.442030
9.074798 9.282371 0.419917
9.027325 9.263176 0.394793
9.807884 9.338316 0.444815
9.111955 9.323187 0.422313
8.712107 9.261764 0.363759
8.500842 9.180994 0.291305
9.518357 9.228769 0.322154
9.615101 9.283176 0.357513
8.448116 9.193435 0.278116
9.386218 9.223687 0.295430
9.174844 9.225695 0.290013
9.876267 9.310640 0.350268
9.658504 9.361221 0.381936
8.576415 9.278095 0.307188
8.673931 9.214450 0.249609
9.237051 9.223733 0.251027
8.492517 9.143512 0.181679
8.536477 9.076208 0.124183
8.990885 9.069356 0.115824
8.929614 9.055820 0.102380
10.153790 9.188950 0.205161
10.116969 9.304608 0.291699
9.554191 9.341967 0.314307
9.993655 9.427687 0.374598
9.966255 9.501564 0.424100
9.332149 9.492652 0.407002
9.019943 9.447261 0.361481
9.148654 9.421347 0.332432
9.687662 9.461769 0.356496
9.597766 9.487348 0.368258
8.907812 9.428243 0.312819
8.702460 9.350300 0.243806
8.555090 9.262285 0.168471
8.635696 9.192309 0.109177
9.724415 9.258402 0.158820
9.167196 9.251766 0.149811
9.026539 9.228973 0.128246
9.122771 9.219748 0.117915
8.652297 9.155460 0.064315
9.334656 9.178446 0.080955
10.358990 9.320818 0.191548
9.667141 9.367021 0.223519
9.040923 9.334194 0.192278
9.837493 9.399062 0.238983
10.053555 9.483125 0.299749
9.514853 9.494818 0.301883
8.864544 9.427931 0.241868
10.326074 9.541011 0.325498
9.821331 9.582913 0.350896
9.615430 9.596052 0.352960
9.005687 9.535256 0.296547
9.715121 9.564462 0.312596
9.462399 9.560601 0.302135
10.279878 9.654028 0.368804
9.418777 9.635834 0.345682
9.128654 9.584726 0.297098
9.302027 9.559000 0.269723
10.118720 9.632617 0.321506
9.947309 9.678497 0.350142
10.649690 9.803118 0.440325
9.366486 9.762893 0.398097
10.495120 9.860394 0.465712
8.982149 9.768383 0.381957
9.541575 9.751539 0.359590
8.740817 9.640986 0.263698
10.306564 9.727018 0.325435
10.298773 9.803537 0.378191
9.347356 9.759348 0.334303
8.999335 9.677907 0.262017
10.511069 9.783801 0.339490
10.232012 9.846017 0.380609
8.898325 9.743506 0.290574
9.708210 9.746996 0.286443
10.792934 9.878811 0.383821
10.245818 9.932553 0.417193
9.261765 9.863903 0.353049
9.797788 9.865383 0.345848
10.590363 9.960643 0.412930
9.057839 9.864320 0.327018
9.079119 9.779695 0.252388
9.655792 9.771648 0.240046
9.503526 9.746145 0.214201
10.224240 9.808599 0.258478
10.538191 9.902097 0.326239
9.193404 9.826539 0.258793
9.043016 9.740310 0.184513
9.056845 9.664001 0.119834
9.875431 9.692285 0.139344
10.531736 9.795683 0.217754
10.364153 9.868965 0.270504
9.875120 9.876847 0.270321
9.238222 9.808134 0.209610
10.189274 9.858950 0.244798
10.177270 9.903234 0.273990
10.089799 9.932638 0.290732
10.230090 9.975657 0.317836
9.773833 9.960086 0.297995
9.668571 9.933336 0.269790
10.847446 10.049051 0.354841
10.033170 10.056545 0.352351
9.429641 9.991393 0.292509
10.319458 10.038095 0.322482
10.161494 10.061278 0.333157
10.357851 10.105314 0.360059
10.322392 10.140618 0.379423
9.607312 10.087300 0.328292
10.809617 10.181780 0.395173
9.300180 10.087505 0.311302
9.367675 10.010230 0.242853
11.027455 10.137482 0.337659
9.529299 10.074165 0.279616
10.163466 10.092165 0.287211
9.660982 10.048540 0.245926
10.873539 10.153039 0.322679
9.811657 10.121018 0.289723
9.954386 10.108884 0.273265
11.006556 10.222738 0.356763
9.948502 10.199594 0.330014
10.899817 10.291495 0.394817
10.598292 10.338376 0.422505
9.362655 10.233644 0.329721
9.814938 10.192625 0.289488
10.866514 10.280326 0.351932
10.571928 10.324268 0.378315
11.002208 10.414800 0.440890
9.956313 10.371993 0.396609
9.792019 10.313585 0.341048
9.756042 10.256372 0.287749
10.594884 10.304190 0.318716
9.599465 10.228905 0.251664
10.739210 10.296175 0.298859
10.964524 10.383466 0.360757
10.848924 10.448292 0.403435
9.820704 10.384409 0.343385
10.232375 10.375427 0.328146
10.071316 10.347979 0.298674
10.318017 10.352315 0.295021
9.921992 10.308998 0.253794
10.241496 10.307690 0.246743
10.545691 10.342484 0.268390
9.799447 10.285074 0.216658
10.610796 10.329493 0.246624
9.539159 10.242132 0.171738
10.280429 10.251221 0.174850
10.294334 10.260964 0.178405
10.150816 10.252597 0.167562
11.024816 10.348755 0.239581
10.080890 10.323271 0.213761
10.869318 10.393785 0.264418
10.684632 10.435324 0.290976
11.429182 10.561071 0.383453
10.971972 10.620017 0.420946
11.229570 10.703551 0.476981
11.015697 10.753240 0.504940
10.253901 10.707274 0.456643
10.931778 10.746015 0.476432
9.662009 10.629846 0.373331
10.725920 10.651128 0.381299
11.357820 10.745153 0.446564
10.916894 10.777360 0.461428
10.975385 10.813081 0.478718
10.737030 10.816703 0.470231
10.511418 10.792871 0.440249
10.444308 10.763105 0.406288
11.167734 10.821911 0.443128
11.343793 10.895617 0.490871
11.105625 10.933539 0.509202
10.065752 10.843920 0.426306
9.835785 10.735437 0.330469
9.907122 10.645782 0.251782
11.161444 10.713692 0.299480
10.175233 10.657648 0.248090
11.047916 10.710565 0.284027
11.220602 10.778659 0.331105
10.965662 10.809626 0.347727
9.842251 10.703909 0.255938
9.861419 10.610600 0.176130
10.470478 10.598612 0.162480
10.393141 10.578500 0.142734
11.190736 10.654998 0.199805
11.605110 10.773139 0.288432
10.262322 10.720086 0.239668
10.592709 10.711291 0.227036
11.254681 10.781840 0.277406
11.688019 10.896814 0.361691
11.246610 10.947927 0.393508
10.576459 10.914205 0.357529
11.730028 11.020564 0.433106
10.342529 10.951473 0.368237
10.294278 10.883143 0.305507
10.996922 10.904735 0.315328
11.657915 11.002538 0.385143
11.361308 11.055337 0.417737
11.828341 11.158202 0.489125
10.412223 11.082521 0.417720
10.829042 11.063455 0.392749
11.462133 11.121195 0.429068
11.797848 11.212914 0.491379
11.164794 11.220188 0.485478
11.557919 11.273140 0.515815
11.954969 11.367767 0.578368
10.566237 11.287848 0.501497
11.963152 11.381322 0.563477
11.222886 11.377398 0.547018
11.996840 11.465440 0.603626
11.128814 11.441411 0.570326
11.255136 11.434361 0.551234
12.038259 11.520668 0.606371
11.769292 11.566232 0.628003
11.808277 11.611586 0.648956
11.378995 11.601113 0.625294
11.514401 11.607344 0.615393
12.200600 11.694083 0.669351
12.091703 11.759010 0.704792
10.879083 11.673120 0.620205
11.988619 11.726993 0.648075
11.428313 11.708647 0.618212
11.535542 11.704428 0.600222
11.788648 11.730299 0.606437
11.830843 11.758274 0.614168
11.879820 11.788948 0.623848
10.825569 11.691006 0.531656
11.518758 11.684600 0.513989
11.261128 11.647886 0.472789
10.663909 11.543503 0.379089
11.930981 11.599551 0.414395
12.080171 11.667597 0.458345
12.106043 11.731794 0.498212
11.698829 11.741049 0.493715
11.204966 11.690422 0.442001
11.613961 11.693025 0.433578
11.593798 11.692700 0.423043
11.701203 11.704894 0.422649
11.497113 11.691385 0.401954
10.726684 11.587419 0.310263
11.598043 11.596883 0.310386
10.515926 11.476686 0.208040
11.861820 11.527934 0.243607
11.506301 11.531804 0.240891
12.145218 11.611037 0.297795
11.520098 11.608108 0.288420
10.725296 11.510867 0.204735
11.489620 11.513756 0.202164
11.540698 11.522301 0.204124
10.626999 11.421348 0.119505
12.168703 11.513282 0.189325
11.319317 11.495247 0.170583
11.835313 11.540152 0.202026
11.474245 11.537663 0.195270
10.867964 11.463275 0.131853
11.416156 11.461164 0.127059
11.094065 11.420917 0.092240
11.423533 11.423666 0.092226
10.654913 11.334787 0.019801
12.065193 11.422072 0.088311
11.787442 11.467808 0.122361
12.275894 11.567032 0.197874
11.825364 11.602949 0.221567
11.563485 11.604119 0.217238
11.634723 11.613498 0.219499
12.680329 11.746025 0.319028
10.817447 11.644157 0.230961
10.858521 11.556941 0.156560
12.001533 11.613891 0.197855
11.924560 11.656024 0.226461
11.185205 11.606085 0.181626
11.189575 11.561411 0.142015
12.020487 11.619697 0.184710
12.617025 11.743048 0.277812
12.255877 11.811309 0.325171
11.715705 11.808549 0.315280
11.677124 11.801272 0.302055
12.511173 11.893583 0.367845
12.725325 12.002107 0.444887
12.727821 12.100072 0.511760
12.638172 12.177520 0.560831
12.384027 12.216876 0.578637
11.527139 12.150242 0.512260
11.943485 12.139224 0.491409
11.318273 12.054698 0.412960
11.845102 12.040719 0.392121
12.799641 12.141234 0.462259
11.842338 12.117949 0.432899
12.688636 12.197184 0.485252
12.864553 12.289286 0.546534
11.307530 12.187116 0.452834
11.866078 12.160953 0.421422
12.520448 12.214796 0.453982
12.502895 12.261020 0.479748
12.789563 12.336486 0.528013
11.505171 12.251697 0.448488
12.523225 12.295807 0.472714
12.937010 12.384469 0.531575
11.683692 12.315280 0.464294
11.834758 12.270474 0.417878
12.161569 12.268585 0.406478
12.158896 12.266302 0.395037
12.304334 12.281263 0.397494
11.452055 12.193274 0.318534
12.035922 12.183003 0.302866
11.810210 12.146728 0.267018
12.407760 12.184793 0.290770
12.943046 12.282550 0.361131
11.541383 12.204057 0.290538
12.343084 12.228252 0.302771
12.870867 12.312590 0.362242
11.369555 12.210147 0.272697
11.907112 12.181359 0.243482
11.568006 12.114939 0.185219
12.473041 12.162373 0.218313
12.375383 12.193447 0.237695
12.553108 12.242454 0.270788
12.402681 12.268644 0.285066
11.337721 12.165600 0.196875
12.351744 12.192916 0.213794
12.367235 12.219275 0.229556
11.735251 12.167848 0.183473
11.297821 12.069352 0.101284
11.957683 12.058764 0.090516
11.298147 11.970807 0.018860
13.137384 12.109878 0.128317
12.502853 12.159950 0.164845
12.851372 12.246439 0.229287
13.094394 12.353226 0.308241
13.196545 12.461548 0.386538
11.686130 12.379658 0.312659
12.245963 12.372042 0.299228
12.335442 12.375605 0.294949
12.960463 12.452874 0.349021
12.658018 12.486469 0.367296
13.321363 12.595352 0.444636
11.710672 12.502020 0.360336
11.995778 12.451411 0.311799
13.184408 12.546723 0.379729
12.162056 12.511069 0.342550
13.238863 12.606577 0.409905
12.945275 12.657646 0.440546
12.411612 12.640067 0.416209
12.015974 12.576937 0.356451
13.373281 12.680954 0.430203
11.734652 12.579920 0.340159
13.231358 12.666293 0.400353
12.756389 12.687579 0.407683
12.957333 12.730400 0.431858
13.379079 12.818871 0.491535
11.908133 12.723682 0.404657
12.114568 12.662025 0.346338
11.894331 12.579990 0.273297
11.975954 12.515465 0.215825
12.832251 12.558800 0.244955
11.942477 12.492065 0.186409
11.853338 12.421122 0.125924
12.065104 12.382160 0.092149
13.513849 12.519025 0.198125
11.657733 12.421953 0.116715
11.961649 12.370361 0.073176
11.889978 12.315233 0.027875
12.583695 12.347859 0.052998
12.967091 12.422816 0.110978
13.510441 12.554944 0.212764
11.891714 12.481787 0.149905
12.928453 12.538808 0.191413
11.851114 12.462180 0.126318
12.507492 12.470902 0.130216
12.722862 12.504273 0.153501
12.613170 12.521267 0.163291
12.336355 12.503619 0.145473
12.248137 12.477118 0.121081
13.594781 12.613081 0.225658
12.912329 12.654593 0.253114
12.171418 12.603890 0.207044
11.869432 12.522120 0.137515
12.673687 12.543760 0.151356
13.447807 12.655149 0.235795
13.336765 12.742349 0.299117
12.552766 12.727736 0.280478
13.845940 12.867977 0.384657
11.931333 12.766886 0.295648
12.917097 12.792544 0.308916
12.281894 12.740053 0.260110
13.213583 12.803178 0.303829
13.299574 12.870175 0.349571
12.565232 12.843194 0.319961
13.698687 12.953273 0.399368
13.223424 12.995921 0.423603
12.622965 12.962817 0.387399
12.050336 12.864670 0.300651
13.493402 12.947303 0.358825
13.576660 13.031548 0.416894
13.377426 13.083653 0.448189
13.353844 13.127597 0.472290
13.808374 13.220949 0.534867
12.635880 13.165591 0.478439
13.524958 13.220926 0.510826
12.625867 13.163746 0.453527
13.658741 13.234534 0.498717
12.428127 13.151929 0.421613
13.242221 13.173800 0.428901
12.176879 13.066719 0.334109
12.282908 12.982447 0.259590
12.404551 12.920664 0.204610
12.588297 12.886592 0.172833
12.382341 12.831264 0.125011
13.298237 12.890038 0.168495
12.246104 12.818003 0.107573
13.919106 12.951642 0.210634
14.041003 13.086611 0.312302
12.272044 12.998108 0.234957
14.020439 13.125757 0.330264
13.118100 13.133578 0.328616
12.703938 13.091230 0.287359
13.374022 13.132420 0.313096
12.547674 13.071238 0.257322
13.389171 13.115807 0.286443
13.182710 13.131327 0.291917
13.871098 13.226918 0.360539
14.102135 13.340413 0.441683
13.313046 13.348839 0.437870
13.434501 13.370590 0.444678
13.738795 13.426083 0.477990
12.740471 13.357278 0.412284
12.828343 13.305347 0.361470
13.577169 13.347192 0.385969
13.396351 13.363235 0.389497
12.363301 13.254755 0.294533
14.203036 13.375183 0.382721
13.045092 13.346090 0.350657
12.771428 13.287099 0.295724
13.415257 13.310141 0.306922
13.181971 13.303030 0.294026
13.004336 13.275322 0.265159
13.759808 13.339882 0.309892
13.700268 13.390882 0.342850
13.306678 13.389944 0.333980
12.968044 13.348658 0.293434
13.846373 13.415537 0.339330
13.115784 13.388901 0.310236
12.889048 13.337727 0.262439
13.988417 13.421957 0.322782
12.996223 13.379919 0.281908
13.857148 13.444059 0.325913
12.532355 13.344378 0.239411
14.200246 13.452372 0.319080
14.224822 13.552563 0.390694
13.731525 13.584149 0.406393
13.182955 13.547236 0.367587
13.885921 13.597184 0.398345
13.613661 13.609673 0.398770
14.266000 13.698176 0.459259
13.080420 13.636937 0.399975
13.102456 13.584023 0.348675
12.746471 13.493751 0.269070
13.638764 13.518089 0.281925
14.399626 13.630257 0.363883
13.852822 13.666314 0.383751
13.702065 13.680706 0.386027
14.292662 13.763602 0.442386
14.577914 13.872025 0.517582
14.143494 13.917955 0.541608
13.367919 13.866938 0.488449
13.409884 13.825559 0.444168
12.787830 13.714033 0.345503
12.757727 13.609572 0.254759
12.730152 13.511845 0.171487
13.704509 13.539265 0.189090
13.325771 13.518904 0.168516
14.166525 13.600286 0.228836
14.400292 13.701365 0.303291
13.784820 13.719296 0.310270
13.714942 13.726981 0.308988
12.946516 13.642442 0.234853
13.181967 13.593953 0.190966
13.777297 13.620780 0.207639
14.666761 13.750517 0.305243
12.916789 13.659552 0.226119
13.008822 13.588232 0.164397
13.339717 13.563058 0.140605
14.282710 13.652259 0.207765
14.092483 13.710044 0.248505
13.065717 13.640077 0.187320
14.813130 13.784370 0.296911
14.634938 13.893255 0.375920
13.242188 13.825855 0.313744
13.871895 13.839619 0.317182
14.444564 13.919863 0.373077
14.495010 13.998045 0.426017
12.963961 13.886473 0.327744
14.117225 13.922547 0.348483
14.442924 13.993573 0.396351
14.467454 14.060341 0.439719
14.835144 14.164001 0.511214
13.192808 14.062151 0.418606
14.585285 14.135358 0.466535
14.912870 14.240048 0.538209
13.232961 14.134649 0.442154
13.589793 14.081617 0.389762
13.528642 14.026236 0.336755
14.679485 14.112735 0.397129
13.260085 14.021952 0.315970
14.573461 14.095817 0.366852
13.644427 14.051896 0.323445
13.446601 13.988546 0.265713
14.985428 14.113986 0.358545
14.641724 14.186152 0.407076
13.323362 14.094427 0.324937
15.102218 14.222729 0.418626
14.840546 14.307183 0.475443
13.843080 14.264624 0.430538
14.554927 14.310490 0.456577
14.093028 14.296729 0.434877
14.058796 14.279963 0.411317
14.508058 14.317931 0.431571
13.857966 14.274703 0.387177
14.420984 14.302315 0.399818
13.489952 14.216388 0.322434
13.402530 14.128238 0.245126
14.005995 14.120197 0.232961
13.533913 14.056713 0.177268
14.589755 14.124717 0.226807
13.508918 14.057565 0.168362
15.051367 14.180065 0.261179
14.464899 14.220804 0.287181
13.731727 14.170301 0.240461
14.656651 14.234429 0.285439
14.387770 14.260190 0.299030
13.964687 14.232994 0.270448
15.236444 14.359340 0.363883
14.896411 14.432756 0.413275
13.614173 14.346446 0.335268
13.456530 14.249600 0.250785
14.419872 14.276456 0.266063
14.198600 14.274241 0.258005
13.833131 14.228664 0.215870
14.325299 14.245851 0.224333
13.750324 14.192920 0.177185
14.056494 14.181398 0.163879
14.317517 14.201900 0.176196
13.470870 14.119722 0.107075
14.769573 14.199746 0.167777
13.732444 14.148673 0.123438
14.413898 14.183441 0.147988
13.668369 14.126170 0.099220
15.070501 14.240966 0.187587
15.091865 14.346999 0.266936
14.899354 14.419667 0.318035
15.360453 14.539827 0.405454
15.284394 14.638989 0.474207
13.685348 14.538247 0.383350
13.664365 14.444577 0.300236
14.634150 14.475033 0.317187
13.944266 14.420371 0.266469
15.455731 14.550401 0.362911
13.829049 14.474309 0.294173
14.395992 14.472783 0.285993
14.822383 14.521872 0.318006
14.916819 14.577193 0.354185
15.050679 14.642800 0.397635
14.738827 14.664720 0.405529
14.483230 14.653882 0.387350
15.324852 14.743824 0.449245
14.845357 14.767761 0.457511
15.543102 14.871956 0.529007
14.153452 14.800593 0.460069
15.298488 14.871899 0.505512
14.478402 14.838521 0.467150
14.503776 14.811108 0.434410
13.944982 14.719708 0.351881
15.375918 14.806959 0.412491
14.544645 14.786705 0.386705
15.274554 14.854877 0.431412
15.658362 14.961725 0.505622
15.498543 15.038858 0.554591
15.472923 15.105081 0.593776
15.248863 15.137857 0.605601
15.100408 15.149419 0.600380
14.872277 15.132370 0.572673
15.099317 15.143583 0.567958
14.864802 15.125483 0.540188
15.027625 15.128139 0.529481
15.223681 15.153486 0.536959
13.948953 15.024600 0.422373
15.411891 15.081771 0.457540
15.109413 15.097150 0.458846
14.198002 15.002475 0.373148
14.217883 14.919141 0.298445
14.331796 14.857263 0.242469
15.504821 14.940593 0.302574
15.648562 15.032688 0.368182
15.440622 15.090878 0.405439
14.348050 15.013360 0.334565
15.323414 15.059035 0.362729
14.625979 15.017183 0.321055
14.221152 14.931114 0.245425
15.796865 15.040441 0.326005
14.234467 14.953321 0.249427
14.999555 14.965406 0.253065
14.590641 14.927580 0.217172
14.459448 14.877714 0.172616
14.645473 14.854691 0.150328
15.395286 14.922879 0.200652
15.984002 15.054230 0.299698
14.543835 15.001526 0.250941
15.123829 15.022688 0.261716
15.676926 15.107321 0.322394
16.002699 15.222202 0.405538
14.424237 15.138137 0.329488
14.739202 15.099460 0.291111
15.282015 15.128840 0.307428
15.459040 15.176190 0.337559
15.926827 15.274280 0.407073
14.655696 15.211562 0.347859
15.547992 15.260721 0.378461
15.468719 15.295433 0.396920
15.885109 15.375971 0.451157
15.855993 15.444918 0.494948
15.786602 15.498590 0.525629
14.306905 15.370931 0.412281
15.440814 15.390131 0.417681
15.505164 15.414837 0.427303
15.807528 15.472779 0.462963
15.838865 15.528504 0.496024
14.868579 15.463228 0.432678
14.463507 15.355914 0.337613
16.080017 15.450852 0.404636
14.675445 15.369443 0.330706
14.697973 15.298425 0.266742
15.069571 15.278292 0.244508
15.246085 15.280931 0.240796
15.127421 15.269062 0.225707
15.675045 15.323254 0.263183
14.591372 15.243275 0.193737
15.051423 15.225607 0.175182
16.148880 15.339910 0.261359
15.635201 15.381895 0.288343
14.638349 15.301195 0.217732
16.051579 15.396086 0.287560
15.949438 15.469419 0.338695
15.257551 15.453205 0.317852
15.203592 15.431958 0.293525
15.268477 15.420300 0.277352
15.034379 15.381790 0.240343
15.699289 15.425858 0.269471
14.646470 15.340403 0.195549
16.323097 15.462301 0.287247
15.394399 15.461829 0.280063
16.302464 15.569088 0.358188
15.899699 15.617829 0.388214
15.481303 15.611875 0.374305
15.513278 15.610059 0.363995
15.164864 15.566798 0.321178
15.038831 15.512574 0.270712
15.092142 15.469790 0.230482
15.763442 15.510764 0.257399
15.222338 15.483308 0.229599
14.882160 15.417971 0.172521
16.138885 15.508165 0.239709
15.610311 15.526636 0.248623
15.631732 15.545692 0.257789
15.054972 15.494217 0.210997
16.397732 15.607119 0.295219
14.956776 15.537672 0.233338
15.286343 15.513987 0.209087
15.079155 15.467862 0.167680
14.725656 15.384131 0.097534
16.531544 15.523005 0.204971
15.317503 15.504014 0.185102
16.367233 15.611445 0.265614
16.060982 15.671865 0.307065
16.145054 15.736191 0.350620
15.130826 15.673552 0.292805
14.879459 15.586966 0.217437
16.719433 15.727235 0.323133
16.360115 15.810954 0.381633
15.045929 15.730169 0.308743
16.552530 15.836016 0.385071
15.254514 15.777122 0.329399
16.838392 15.911893 0.428096
15.932229 15.925626 0.428800
16.205816 15.970244 0.453894
15.811669 15.963408 0.437730
16.547092 16.044313 0.491290
16.684649 16.133364 0.550017
16.333813 16.171715 0.567284
15.730535 16.134306 0.524272
15.316985 16.051081 0.446071
16.615973 16.129974 0.497843
15.259421 16.039726 0.414719
16.307297 16.082474 0.438669
15.617703 16.038864 0.393804
15.674393 16.005981 0.358481
16.055029 16.021284 0.362076
